<?xml version="1.0" encoding="UTF-8"?>
<!-- Generated by org.testng.reporters.JUnitReportReporter -->
<testsuite hostname="LAPTOP-C85JR1KG" name="basePackage.BaseClass1" tests="1" failures="0" timestamp="10 Jun 2018 03:15:35 GMT" time="0.006" errors="0">
  <testcase name="f" time="0.006" classname="basePackage.BaseClass1"/>
</testsuite> <!-- basePackage.BaseClass1 -->
